<?xml version="1.0" encoding="UTF-8" ?>
<testsuite tests="5" failures="4" name="TestShoppingListService" time="0.086" errors="0" skipped="0">
  <properties>
[...]
</properties>
  <testcase classname="TestShoppingListService" name="TestShoppingListService.testCheckItemFromList" time="0.075"/>
  <testcase classname="TestShoppingListService" name="TestShoppingListService.testGetShoppingListByName" time="0.003">
    <failure message="Cannot invoke &quot;ShoppingListRepositiryInterface.save(ShoppingList)&quot; because &quot;TestShoppingListService.mock&quot; is null" type="java.lang.NullPointerException">java.lang.NullPointerException: Cannot invoke &quot;ShoppingListRepositiryInterface.save(ShoppingList)&quot; because &quot;TestShoppingListService.mock&quot; is null
	at TestShoppingListService.testGetShoppingListByName(TestShoppingListService.java:28)
</failure>
  </testcase>
  <testcase classname="TestShoppingListService" name="TestShoppingListService.testCreateShooppingList" time="0">
    <failure message="Cannot invoke &quot;ShoppingListService.createShooppingList(Name)&quot; because &quot;TestShoppingListService.service&quot; is null" type="java.lang.NullPointerException">java.lang.NullPointerException: Cannot invoke &quot;ShoppingListService.createShooppingList(Name)&quot; because &quot;TestShoppingListService.service&quot; is null
	at TestShoppingListService.testCreateShooppingList(TestShoppingListService.java:20)
</failure>
  </testcase>
  <testcase classname="TestShoppingListService" name="TestShoppingListService.testGetShoppingListByNameNotFound" time="0.007">
    <failure message="Unexpected exception type thrown ==&gt; expected: &lt;ShoppingListNotFoundException&gt; but was: &lt;java.lang.NullPointerException&gt;" type="org.opentest4j.AssertionFailedError">org.opentest4j.AssertionFailedError: Unexpected exception type thrown ==&gt; expected: &lt;ShoppingListNotFoundException&gt; but was: &lt;java.lang.NullPointerException&gt;
	at org.junit.jupiter.api.AssertThrows.assertThrows(AssertThrows.java:65)
	at org.junit.jupiter.api.AssertThrows.assertThrows(AssertThrows.java:37)
	at org.junit.jupiter.api.Assertions.assertThrows(Assertions.java:3082)
	at TestShoppingListService.testGetShoppingListByNameNotFound(TestShoppingListService.java:35)
Caused by: java.lang.NullPointerException: Cannot invoke &quot;ShoppingListService.getShoppingListBy(Name)&quot; because &quot;TestShoppingListService.service&quot; is null
	at TestShoppingListService.lambda$testGetShoppingListByNameNotFound$0(TestShoppingListService.java:35)
	at org.junit.jupiter.api.AssertThrows.assertThrows(AssertThrows.java:55)
	... 21 more
</failure>
  </testcase>
  <testcase classname="TestShoppingListService" name="TestShoppingListService.testAddItemToList" time="0.001">
    <failure message="Cannot invoke &quot;ShoppingListRepositiryInterface.save(ShoppingList)&quot; because &quot;TestShoppingListService.mock&quot; is null" type="java.lang.NullPointerException">java.lang.NullPointerException: Cannot invoke &quot;ShoppingListRepositiryInterface.save(ShoppingList)&quot; because &quot;TestShoppingListService.mock&quot; is null
	at TestShoppingListService.testAddItemToList(TestShoppingListService.java:42)
</failure>
  </testcase>
</testsuite>