<?xml version="1.0" encoding="UTF-8" ?>
<testsuite tests="5" failures="4" name="TestShoppingListService" time="0.086" errors="0" skipped="0">
  <properties>
    <property name="java.runtime.name" value="OpenJDK Runtime Environment"/>
    <property name="java.vm.version" value="17.0.3+7"/>
    <property name="sun.boot.library.path" value="C:\Program Files\Eclipse Adoptium\jdk-17.0.3.7-hotspot\bin"/>
    <property name="maven.multiModuleProjectDirectory" value="C:\Users\rraus\Documents\git\AdvancedSoftwareEngineeringWG - Kopie"/>
    <property name="java.vm.vendor" value="Eclipse Adoptium"/>
    <property name="java.vendor.url" value="https://adoptium.net/"/>
    <property name="path.separator" value=";"/>
    <property name="guice.disable.misplaced.annotation.check" value="true"/>
    <property name="java.vm.name" value="OpenJDK 64-Bit Server VM"/>
    <property name="user.country" value="DE"/>
    <property name="sun.java.launcher" value="SUN_STANDARD"/>
    <property name="user.script" value=""/>
    <property name="sun.os.patch.level" value=""/>
    <property name="user.dir" value="C:\Users\rraus\Documents\Git\AdvancedSoftwareEngineeringWG - Kopie"/>
    <property name="java.vm.compressedOopsMode" value="32-bit"/>
    <property name="java.vm.specification.name" value="Java Virtual Machine Specification"/>
    <property name="java.runtime.version" value="17.0.3+7"/>
    <property name="os.arch" value="amd64"/>
    <property name="java.io.tmpdir" value="C:\Users\rraus\AppData\Local\Temp\"/>
    <property name="line.separator" value="
"/>
    <property name="java.vm.specification.vendor" value="Oracle Corporation"/>
    <property name="user.variant" value=""/>
    <property name="os.name" value="Windows 11"/>
    <property name="classworlds.conf" value="C:\Users\rraus\Downloads\apache-maven-3.8.5-bin\apache-maven-3.8.5\bin\m2.conf"/>
    <property name="sun.jnu.encoding" value="Cp1252"/>
    <property name="java.library.path" value="C:\Program Files\Eclipse Adoptium\jdk-17.0.3.7-hotspot\bin;C:\WINDOWS\Sun\Java\bin;C:\WINDOWS\system32;C:\WINDOWS;C:\Program Files\Eclipse Adoptium\jdk-17.0.3.7-hotspot\bin;C:\Program Files (x86)\Common Files\Oracle\Java\javapath;C:\WINDOWS\system32;C:\WINDOWS;C:\WINDOWS\System32\Wbem;C:\WINDOWS\System32\WindowsPowerShell\v1.0\;C:\WINDOWS\System32\OpenSSH\;C:\Program Files\Microsoft SQL Server\130\Tools\Binn\;C:\ProgramData\chocolatey\bin;C:\Program Files\Docker\Docker\resources\bin;C:\ProgramData\DockerDesktop\version-bin;C:\Users\rraus\anaconda3\Library\bin\conda.bat;C:\Users\rraus\anaconda3\Scripts\conda.exe;C:\Users\rraus\anaconda3\condabin\conda.bat;C:\Program Files\PuTTY\;C:\Program Files\Git\cmd;C:\Users\rraus\Downloads\apache-maven-3.8.5-bin\apache-maven-3.8.5\bin;C:\Users\rraus\anaconda3;C:\Users\rraus\anaconda3\Library\mingw-w64\bin;C:\Users\rraus\anaconda3\Library\usr\bin;C:\Users\rraus\anaconda3\Library\bin;C:\Users\rraus\anaconda3\Scripts;C:\Users\rraus\AppData\Local\Microsoft\WindowsApps;C:\Users\rraus\AppData\Roaming\cabal\bin;C:\Users\rraus\AppData\Local\Programs\Microsoft VS Code\bin;."/>
    <property name="maven.conf" value="C:\Users\rraus\Downloads\apache-maven-3.8.5-bin\apache-maven-3.8.5/conf"/>
    <property name="jdk.debug" value="release"/>
    <property name="java.class.version" value="61.0"/>
    <property name="java.specification.name" value="Java Platform API Specification"/>
    <property name="sun.management.compiler" value="HotSpot 64-Bit Tiered Compilers"/>
    <property name="os.version" value="10.0"/>
    <property name="library.jansi.path" value="C:\Users\rraus\Downloads\apache-maven-3.8.5-bin\apache-maven-3.8.5\lib\jansi-native"/>
    <property name="user.home" value="C:\Users\rraus"/>
    <property name="user.timezone" value="Europe/Berlin"/>
    <property name="file.encoding" value="Cp1252"/>
    <property name="java.specification.version" value="17"/>
    <property name="java.class.path" value="C:\Users\rraus\Downloads\apache-maven-3.8.5-bin\apache-maven-3.8.5\boot\plexus-classworlds-2.6.0.jar"/>
    <property name="user.name" value="rraus"/>
    <property name="java.vm.specification.version" value="17"/>
    <property name="sun.arch.data.model" value="64"/>
    <property name="sun.java.command" value="org.codehaus.plexus.classworlds.launcher.Launcher clean test"/>
    <property name="java.home" value="C:\Program Files\Eclipse Adoptium\jdk-17.0.3.7-hotspot"/>
    <property name="user.language" value="de"/>
    <property name="java.specification.vendor" value="Oracle Corporation"/>
    <property name="java.vm.info" value="mixed mode, sharing"/>
    <property name="java.version" value="17.0.3"/>
    <property name="native.encoding" value="Cp1252"/>
    <property name="java.vendor" value="Eclipse Adoptium"/>
    <property name="sun.stderr.encoding" value="cp850"/>
    <property name="maven.home" value="C:\Users\rraus\Downloads\apache-maven-3.8.5-bin\apache-maven-3.8.5"/>
    <property name="file.separator" value="\"/>
    <property name="java.version.date" value="2022-04-19"/>
    <property name="java.vendor.url.bug" value="https://github.com/adoptium/adoptium-support/issues"/>
    <property name="sun.cpu.endian" value="little"/>
    <property name="sun.io.unicode.encoding" value="UnicodeLittle"/>
    <property name="java.vendor.version" value="Temurin-17.0.3+7"/>
    <property name="sun.stdout.encoding" value="cp850"/>
    <property name="sun.cpu.isalist" value="amd64"/>
  </properties>
  <testcase classname="TestShoppingListService" name="TestShoppingListService.testCheckItemFromList" time="0.075"/>
  <testcase classname="TestShoppingListService" name="TestShoppingListService.testGetShoppingListByName" time="0.003">
    <failure message="Cannot invoke &quot;ShoppingListRepositiryInterface.save(ShoppingList)&quot; because &quot;TestShoppingListService.mock&quot; is null" type="java.lang.NullPointerException">java.lang.NullPointerException: Cannot invoke &quot;ShoppingListRepositiryInterface.save(ShoppingList)&quot; because &quot;TestShoppingListService.mock&quot; is null
	at TestShoppingListService.testGetShoppingListByName(TestShoppingListService.java:28)
</failure>
  </testcase>
  <testcase classname="TestShoppingListService" name="TestShoppingListService.testCreateShooppingList" time="0">
    <failure message="Cannot invoke &quot;ShoppingListService.createShooppingList(Name)&quot; because &quot;TestShoppingListService.service&quot; is null" type="java.lang.NullPointerException">java.lang.NullPointerException: Cannot invoke &quot;ShoppingListService.createShooppingList(Name)&quot; because &quot;TestShoppingListService.service&quot; is null
	at TestShoppingListService.testCreateShooppingList(TestShoppingListService.java:20)
</failure>
  </testcase>
  <testcase classname="TestShoppingListService" name="TestShoppingListService.testGetShoppingListByNameNotFound" time="0.007">
    <failure message="Unexpected exception type thrown ==&gt; expected: &lt;ShoppingListNotFoundException&gt; but was: &lt;java.lang.NullPointerException&gt;" type="org.opentest4j.AssertionFailedError">org.opentest4j.AssertionFailedError: Unexpected exception type thrown ==&gt; expected: &lt;ShoppingListNotFoundException&gt; but was: &lt;java.lang.NullPointerException&gt;
	at org.junit.jupiter.api.AssertThrows.assertThrows(AssertThrows.java:65)
	at org.junit.jupiter.api.AssertThrows.assertThrows(AssertThrows.java:37)
	at org.junit.jupiter.api.Assertions.assertThrows(Assertions.java:3082)
	at TestShoppingListService.testGetShoppingListByNameNotFound(TestShoppingListService.java:35)
Caused by: java.lang.NullPointerException: Cannot invoke &quot;ShoppingListService.getShoppingListBy(Name)&quot; because &quot;TestShoppingListService.service&quot; is null
	at TestShoppingListService.lambda$testGetShoppingListByNameNotFound$0(TestShoppingListService.java:35)
	at org.junit.jupiter.api.AssertThrows.assertThrows(AssertThrows.java:55)
	... 21 more
</failure>
  </testcase>
  <testcase classname="TestShoppingListService" name="TestShoppingListService.testAddItemToList" time="0.001">
    <failure message="Cannot invoke &quot;ShoppingListRepositiryInterface.save(ShoppingList)&quot; because &quot;TestShoppingListService.mock&quot; is null" type="java.lang.NullPointerException">java.lang.NullPointerException: Cannot invoke &quot;ShoppingListRepositiryInterface.save(ShoppingList)&quot; because &quot;TestShoppingListService.mock&quot; is null
	at TestShoppingListService.testAddItemToList(TestShoppingListService.java:42)
</failure>
  </testcase>
</testsuite>